<?xml version="1.0" encoding="UTF-8"?>
<!-- Generated by org.testng.reporters.JUnitReportReporter -->
<testsuite skipped="0" hostname="DESKTOP-G46QBGA" name="restAPITesting.Pet" tests="5" failures="0" timestamp="13 Nov 2020 11:12:36 GMT" time="10.001" errors="0">
  <testcase name="addPet" time="3.218" classname="restAPITesting.Pet"/>
  <testcase name="updatePet" time="1.982" classname="restAPITesting.Pet"/>
  <testcase name="getPetByStatus" time="2.042" classname="restAPITesting.Pet"/>
  <testcase name="updatePetWithFormData" time="1.385" classname="restAPITesting.Pet"/>
  <testcase name="deletePet" time="1.374" classname="restAPITesting.Pet"/>
</testsuite> <!-- restAPITesting.Pet -->
