<?xml version="1.0" encoding="UTF-8"?>
<!-- Generated by org.testng.reporters.JUnitReportReporter -->
<testsuite skipped="0" hostname="DESKTOP-G46QBGA" name="restAPITesting.Store" tests="3" failures="0" timestamp="13 Nov 2020 11:12:36 GMT" time="4.065" errors="0">
  <testcase name="addOrderForPet" time="1.354" classname="restAPITesting.Store"/>
  <testcase name="getPurchaseOrderByID" time="1.347" classname="restAPITesting.Store"/>
  <testcase name="removePurchaseOrderByID" time="1.364" classname="restAPITesting.Store"/>
</testsuite> <!-- restAPITesting.Store -->
